2023-01-11 20:32:46.158  INFO 14400 --- [main] u.u.UserveiwMicroserviceApplicationTests : Starting UserveiwMicroserviceApplicationTests using Java 17.0.4.1 on lin80031407 with PID 14400 (started by remanika in C:\Users\remanika\Capgemini-Case Study\Backend\Bed Availability Portal-Backend\userveiw-microservice)
2023-01-11 20:32:46.173  INFO 14400 --- [main] u.u.UserveiwMicroserviceApplicationTests : No active profile set, falling back to 1 default profile: "default"
2023-01-11 20:32:50.711  INFO 14400 --- [main] .s.d.r.c.RepositoryConfigurationDelegate : Multiple Spring Data modules found, entering strict repository configuration mode
2023-01-11 20:32:50.716  INFO 14400 --- [main] .s.d.r.c.RepositoryConfigurationDelegate : Bootstrapping Spring Data JDBC repositories in DEFAULT mode.
2023-01-11 20:32:50.800  INFO 14400 --- [main] .RepositoryConfigurationExtensionSupport : Spring Data JDBC - Could not safely identify store assignment for repository candidate interface com.userview.userveiwmicroservice.repository.BookingRepository; If you want this repository to be a JDBC repository, consider annotating your entities with one of these annotations: org.springframework.data.relational.core.mapping.Table.
2023-01-11 20:32:50.806  INFO 14400 --- [main] .RepositoryConfigurationExtensionSupport : Spring Data JDBC - Could not safely identify store assignment for repository candidate interface com.userview.userveiwmicroservice.repository.UserRepository; If you want this repository to be a JDBC repository, consider annotating your entities with one of these annotations: org.springframework.data.relational.core.mapping.Table.
2023-01-11 20:32:50.809  INFO 14400 --- [main] .s.d.r.c.RepositoryConfigurationDelegate : Finished Spring Data repository scanning in 76 ms. Found 0 JDBC repository interfaces.
2023-01-11 20:32:50.832  INFO 14400 --- [main] .s.d.r.c.RepositoryConfigurationDelegate : Multiple Spring Data modules found, entering strict repository configuration mode
2023-01-11 20:32:50.837  INFO 14400 --- [main] .s.d.r.c.RepositoryConfigurationDelegate : Bootstrapping Spring Data JPA repositories in DEFAULT mode.
2023-01-11 20:32:51.223  INFO 14400 --- [main] .s.d.r.c.RepositoryConfigurationDelegate : Finished Spring Data repository scanning in 377 ms. Found 2 JPA repository interfaces.
2023-01-11 20:32:52.299  INFO 14400 --- [main] o.s.cloud.context.scope.GenericScope     : BeanFactory id=36685e8b-f7b8-3892-a1de-71c0e2d98809
2023-01-11 20:32:53.158  INFO 14400 --- [main] trationDelegate$BeanPostProcessorChecker : Bean 'org.springframework.cloud.client.loadbalancer.reactive.LoadBalancerBeanPostProcessorAutoConfiguration' of type [org.springframework.cloud.client.loadbalancer.reactive.LoadBalancerBeanPostProcessorAutoConfiguration] is not eligible for getting processed by all BeanPostProcessors (for example: not eligible for auto-proxying)
2023-01-11 20:32:53.166  INFO 14400 --- [main] trationDelegate$BeanPostProcessorChecker : Bean 'org.springframework.cloud.client.loadbalancer.reactive.LoadBalancerBeanPostProcessorAutoConfiguration$ReactorDeferringLoadBalancerFilterConfig' of type [org.springframework.cloud.client.loadbalancer.reactive.LoadBalancerBeanPostProcessorAutoConfiguration$ReactorDeferringLoadBalancerFilterConfig] is not eligible for getting processed by all BeanPostProcessors (for example: not eligible for auto-proxying)
2023-01-11 20:32:53.191  INFO 14400 --- [main] trationDelegate$BeanPostProcessorChecker : Bean 'reactorDeferringLoadBalancerExchangeFilterFunction' of type [org.springframework.cloud.client.loadbalancer.reactive.DeferringLoadBalancerExchangeFilterFunction] is not eligible for getting processed by all BeanPostProcessors (for example: not eligible for auto-proxying)
2023-01-11 20:32:54.136  INFO 14400 --- [main] o.hibernate.jpa.internal.util.LogHelper  : HHH000204: Processing PersistenceUnitInfo [name: default]
2023-01-11 20:32:54.311  INFO 14400 --- [main] org.hibernate.Version                    : HHH000412: Hibernate ORM core version 5.6.14.Final
2023-01-11 20:32:54.880  INFO 14400 --- [main] o.hibernate.annotations.common.Version   : HCANN000001: Hibernate Commons Annotations {5.1.2.Final}
2023-01-11 20:32:55.835  INFO 14400 --- [main] com.zaxxer.hikari.HikariDataSource       : HikariPool-1 - Starting...
2023-01-11 20:32:57.549  INFO 14400 --- [main] com.zaxxer.hikari.HikariDataSource       : HikariPool-1 - Start completed.
2023-01-11 20:32:57.766  INFO 14400 --- [main] org.hibernate.dialect.Dialect            : HHH000400: Using dialect: org.hibernate.dialect.PostgreSQL10Dialect
2023-01-11 20:33:01.155  INFO 14400 --- [main] o.h.e.t.j.p.i.JtaPlatformInitiator       : HHH000490: Using JtaPlatform implementation: [org.hibernate.engine.transaction.jta.platform.internal.NoJtaPlatform]
2023-01-11 20:33:01.183  INFO 14400 --- [main] j.LocalContainerEntityManagerFactoryBean : Initialized JPA EntityManagerFactory for persistence unit 'default'
2023-01-11 20:33:01.577  WARN 14400 --- [main] JpaBaseConfiguration$JpaWebConfiguration : spring.jpa.open-in-view is enabled by default. Therefore, database queries may be performed during view rendering. Explicitly configure spring.jpa.open-in-view to disable this warning
2023-01-11 20:33:04.362  WARN 14400 --- [main] o.s.s.c.a.web.builders.WebSecurity       : You are asking Spring Security to ignore Ant [pattern='/swagger-ui/**']. This is not recommended -- please use permitAll via HttpSecurity#authorizeHttpRequests instead.
2023-01-11 20:33:04.365  INFO 14400 --- [main] o.s.s.web.DefaultSecurityFilterChain     : Will not secure Ant [pattern='/swagger-ui/**']
2023-01-11 20:33:04.367  WARN 14400 --- [main] o.s.s.c.a.web.builders.WebSecurity       : You are asking Spring Security to ignore Ant [pattern='/v3/api-docs']. This is not recommended -- please use permitAll via HttpSecurity#authorizeHttpRequests instead.
2023-01-11 20:33:04.368  INFO 14400 --- [main] o.s.s.web.DefaultSecurityFilterChain     : Will not secure Ant [pattern='/v3/api-docs']
2023-01-11 20:33:09.082  INFO 14400 --- [main] o.s.b.a.e.web.EndpointLinksResolver      : Exposing 1 endpoint(s) beneath base path '/actuator'
2023-01-11 20:33:09.252  INFO 14400 --- [main] o.s.s.web.DefaultSecurityFilterChain     : Will secure any request with [org.springframework.security.web.session.DisableEncodeUrlFilter@173f34d8, org.springframework.security.web.context.request.async.WebAsyncManagerIntegrationFilter@124c77bd, org.springframework.security.web.context.SecurityContextPersistenceFilter@d7839bd, org.springframework.security.web.header.HeaderWriterFilter@51d9bed3, org.springframework.web.filter.CorsFilter@7de9f662, org.springframework.security.web.authentication.logout.LogoutFilter@4605b20b, com.userview.userveiwmicroservice.security.jwt.AuthTokenFilter@171158d0, org.springframework.security.web.savedrequest.RequestCacheAwareFilter@3c2e5cb6, org.springframework.security.web.servletapi.SecurityContextHolderAwareRequestFilter@73ccccd2, org.springframework.security.web.authentication.AnonymousAuthenticationFilter@3500ab03, org.springframework.security.web.session.SessionManagementFilter@14209c3e, org.springframework.security.web.access.ExceptionTranslationFilter@586bea2a, org.springframework.security.web.access.intercept.FilterSecurityInterceptor@6191335f]
2023-01-11 20:33:12.878  INFO 14400 --- [main] DiscoveryClientOptionalArgsConfiguration : Eureka HTTP Client uses RestTemplate.
2023-01-11 20:33:13.339  WARN 14400 --- [main] iguration$LoadBalancerCaffeineWarnLogger : Spring Cloud LoadBalancer is currently working with the default cache. While this cache implementation is useful for development and tests, it's recommended to use Caffeine cache in production.You can switch to using Caffeine cache, by adding it and org.springframework.cache.caffeine.CaffeineCacheManager to the classpath.
2023-01-11 20:33:13.468  INFO 14400 --- [main] o.s.c.n.eureka.InstanceInfoFactory       : Setting initial instance status as: STARTING
2023-01-11 20:33:13.822  INFO 14400 --- [main] com.netflix.discovery.DiscoveryClient    : Initializing Eureka in region us-east-1
2023-01-11 20:33:13.849  INFO 14400 --- [main] c.n.d.s.r.aws.ConfigClusterResolver      : Resolving eureka endpoints via configuration
2023-01-11 20:33:13.954  INFO 14400 --- [main] com.netflix.discovery.DiscoveryClient    : Disable delta property : false
2023-01-11 20:33:13.955  INFO 14400 --- [main] com.netflix.discovery.DiscoveryClient    : Single vip registry refresh property : null
2023-01-11 20:33:13.956  INFO 14400 --- [main] com.netflix.discovery.DiscoveryClient    : Force full registry fetch : false
2023-01-11 20:33:13.956  INFO 14400 --- [main] com.netflix.discovery.DiscoveryClient    : Application is null : false
2023-01-11 20:33:13.956  INFO 14400 --- [main] com.netflix.discovery.DiscoveryClient    : Registered Applications size is zero : true
2023-01-11 20:33:13.957  INFO 14400 --- [main] com.netflix.discovery.DiscoveryClient    : Application version is -1: true
2023-01-11 20:33:13.957  INFO 14400 --- [main] com.netflix.discovery.DiscoveryClient    : Getting all instance registry info from the eureka server
2023-01-11 20:33:15.363  INFO 14400 --- [main] com.netflix.discovery.DiscoveryClient    : The response status is 200
2023-01-11 20:33:15.372  INFO 14400 --- [main] com.netflix.discovery.DiscoveryClient    : Starting heartbeat executor: renew interval is: 30
2023-01-11 20:33:15.381  INFO 14400 --- [main] c.n.discovery.InstanceInfoReplicator     : InstanceInfoReplicator onDemand update allowed rate per min is 4
2023-01-11 20:33:15.399  INFO 14400 --- [main] com.netflix.discovery.DiscoveryClient    : Discovery Client initialized at timestamp 1673449395395 with initial instances count: 0
2023-01-11 20:33:15.414  INFO 14400 --- [main] o.s.c.n.e.s.EurekaServiceRegistry        : Registering application USERVIEWMICROSERVICE with eureka with status UP
2023-01-11 20:33:15.417  INFO 14400 --- [main] com.netflix.discovery.DiscoveryClient    : Saw local status change event StatusChangeEvent [timestamp=1673449395417, current=UP, previous=STARTING]
2023-01-11 20:33:15.423  INFO 14400 --- [DiscoveryClient-InstanceInfoReplicator-0] com.netflix.discovery.DiscoveryClient    : DiscoveryClient_USERVIEWMICROSERVICE/lin80031407.corp.capgemini.com:UserViewMicroservice:8082: registering service...
2023-01-11 20:33:15.496  INFO 14400 --- [main] u.u.UserveiwMicroserviceApplicationTests : Started UserveiwMicroserviceApplicationTests in 30.995 seconds (JVM running for 34.33)
2023-01-11 20:33:15.575  INFO 14400 --- [DiscoveryClient-InstanceInfoReplicator-0] com.netflix.discovery.DiscoveryClient    : DiscoveryClient_USERVIEWMICROSERVICE/lin80031407.corp.capgemini.com:UserViewMicroservice:8082 - registration status: 204
2023-01-11 20:33:16.411  INFO 14400 --- [SpringApplicationShutdownHook] o.s.c.n.e.s.EurekaServiceRegistry        : Unregistering application USERVIEWMICROSERVICE with eureka with status DOWN
2023-01-11 20:33:16.414  INFO 14400 --- [SpringApplicationShutdownHook] com.netflix.discovery.DiscoveryClient    : Saw local status change event StatusChangeEvent [timestamp=1673449396414, current=DOWN, previous=UP]
2023-01-11 20:33:16.414  INFO 14400 --- [DiscoveryClient-InstanceInfoReplicator-0] com.netflix.discovery.DiscoveryClient    : DiscoveryClient_USERVIEWMICROSERVICE/lin80031407.corp.capgemini.com:UserViewMicroservice:8082: registering service...
2023-01-11 20:33:16.459  INFO 14400 --- [DiscoveryClient-InstanceInfoReplicator-0] com.netflix.discovery.DiscoveryClient    : DiscoveryClient_USERVIEWMICROSERVICE/lin80031407.corp.capgemini.com:UserViewMicroservice:8082 - registration status: 204
2023-01-11 20:33:16.465  INFO 14400 --- [SpringApplicationShutdownHook] j.LocalContainerEntityManagerFactoryBean : Closing JPA EntityManagerFactory for persistence unit 'default'
2023-01-11 20:33:16.469  INFO 14400 --- [SpringApplicationShutdownHook] com.zaxxer.hikari.HikariDataSource       : HikariPool-1 - Shutdown initiated...
2023-01-11 20:33:16.481  INFO 14400 --- [SpringApplicationShutdownHook] com.zaxxer.hikari.HikariDataSource       : HikariPool-1 - Shutdown completed.
2023-01-11 20:33:16.484  INFO 14400 --- [SpringApplicationShutdownHook] com.netflix.discovery.DiscoveryClient    : Shutting down DiscoveryClient ...
2023-01-11 20:33:19.492  INFO 14400 --- [SpringApplicationShutdownHook] com.netflix.discovery.DiscoveryClient    : Unregistering ...
2023-01-11 20:33:19.506  INFO 14400 --- [SpringApplicationShutdownHook] com.netflix.discovery.DiscoveryClient    : DiscoveryClient_USERVIEWMICROSERVICE/lin80031407.corp.capgemini.com:UserViewMicroservice:8082 - deregister  status: 200
2023-01-11 20:33:19.524  INFO 14400 --- [SpringApplicationShutdownHook] com.netflix.discovery.DiscoveryClient    : Completed shut down of DiscoveryClient
